<?xml version="1.0" encoding="UTF-8"?>
<testng-results skipped="0" failed="1" ignored="0" total="3" passed="2">
  <reporter-output>
    <line>
      <![CDATA[]]>
    </line>
  </reporter-output>
  <suite name="Default suite" duration-ms="39605" started-at="2020-05-17T14:41:15Z" finished-at="2020-05-17T14:41:54Z">
    <groups>
    </groups>
    <test name="Default test" duration-ms="39605" started-at="2020-05-17T14:41:15Z" finished-at="2020-05-17T14:41:54Z">
      <class name="com.testclasses.TestHrmsTestCase">
        <test-method status="PASS" signature="LaunchBrowser()[pri:0, instance:com.testclasses.TestHrmsTestCase@6d4b1c02]" name="LaunchBrowser" is-config="true" duration-ms="26284" started-at="2020-05-17T14:41:15Z" finished-at="2020-05-17T14:41:41Z">
          <reporter-output>
          </reporter-output>
        </test-method> <!-- LaunchBrowser -->
        <test-method status="PASS" signature="VerifyOrangHrmsLogin()[pri:0, instance:com.testclasses.TestHrmsTestCase@6d4b1c02]" name="VerifyOrangHrmsLogin" duration-ms="5601" started-at="2020-05-17T14:41:41Z" finished-at="2020-05-17T14:41:47Z">
          <reporter-output>
          </reporter-output>
        </test-method> <!-- VerifyOrangHrmsLogin -->
        <test-method status="FAIL" signature="VerifyUserSearchInAdmin()[pri:1, instance:com.testclasses.TestHrmsTestCase@6d4b1c02]" name="VerifyUserSearchInAdmin" duration-ms="16" started-at="2020-05-17T14:41:47Z" finished-at="2020-05-17T14:41:47Z">
          <exception class="java.lang.NullPointerException">
            <full-stacktrace>
              <![CDATA[java.lang.NullPointerException
at com.testclasses.TestHrmsTestCase.VerifyUserSearchInAdmin(TestHrmsTestCase.java:30)
at sun.reflect.NativeMethodAccessorImpl.invoke0(Native Method)
at sun.reflect.NativeMethodAccessorImpl.invoke(NativeMethodAccessorImpl.java:62)
at sun.reflect.DelegatingMethodAccessorImpl.invoke(DelegatingMethodAccessorImpl.java:43)
at java.lang.reflect.Method.invoke(Method.java:497)
at org.testng.internal.MethodInvocationHelper.invokeMethod(MethodInvocationHelper.java:124)
at org.testng.internal.Invoker.invokeMethod(Invoker.java:580)
at org.testng.internal.Invoker.invokeTestMethod(Invoker.java:716)
at org.testng.internal.Invoker.invokeTestMethods(Invoker.java:988)
at org.testng.internal.TestMethodWorker.invokeTestMethods(TestMethodWorker.java:125)
at org.testng.internal.TestMethodWorker.run(TestMethodWorker.java:109)
at org.testng.TestRunner.privateRun(TestRunner.java:648)
at org.testng.TestRunner.run(TestRunner.java:505)
at org.testng.SuiteRunner.runTest(SuiteRunner.java:455)
at org.testng.SuiteRunner.runSequentially(SuiteRunner.java:450)
at org.testng.SuiteRunner.privateRun(SuiteRunner.java:415)
at org.testng.SuiteRunner.run(SuiteRunner.java:364)
at org.testng.SuiteRunnerWorker.runSuite(SuiteRunnerWorker.java:52)
at org.testng.SuiteRunnerWorker.run(SuiteRunnerWorker.java:84)
at org.testng.TestNG.runSuitesSequentially(TestNG.java:1208)
at org.testng.TestNG.runSuitesLocally(TestNG.java:1137)
at org.testng.TestNG.runSuites(TestNG.java:1049)
at org.testng.TestNG.run(TestNG.java:1017)
at org.testng.remote.AbstractRemoteTestNG.run(AbstractRemoteTestNG.java:114)
at org.testng.remote.RemoteTestNG.initAndRun(RemoteTestNG.java:251)
at org.testng.remote.RemoteTestNG.main(RemoteTestNG.java:77)
]]>
            </full-stacktrace>
          </exception> <!-- java.lang.NullPointerException -->
          <reporter-output>
          </reporter-output>
        </test-method> <!-- VerifyUserSearchInAdmin -->
        <test-method status="PASS" signature="VerifyEmployeeName()[pri:2, instance:com.testclasses.TestHrmsTestCase@6d4b1c02]" name="VerifyEmployeeName" duration-ms="7423" started-at="2020-05-17T14:41:47Z" finished-at="2020-05-17T14:41:54Z">
          <reporter-output>
            <line>
              <![CDATA[]]>
            </line>
          </reporter-output>
        </test-method> <!-- VerifyEmployeeName -->
        <test-method status="PASS" signature="CloseBrowser()[pri:0, instance:com.testclasses.TestHrmsTestCase@6d4b1c02]" name="CloseBrowser" is-config="true" duration-ms="1" started-at="2020-05-17T14:41:54Z" finished-at="2020-05-17T14:41:54Z">
          <reporter-output>
          </reporter-output>
        </test-method> <!-- CloseBrowser -->
      </class> <!-- com.testclasses.TestHrmsTestCase -->
    </test> <!-- Default test -->
  </suite> <!-- Default suite -->
</testng-results>
